<?xml version="1.0" encoding="UTF-8"?>
<testsuite xmlns:xsi="http://www.w3.org/2001/XMLSchema-instance" xsi:noNamespaceSchemaLocation="https://maven.apache.org/surefire/maven-surefire-plugin/xsd/surefire-test-report-3.0.xsd" version="3.0" name="testLearning.StringUtilsTesterTest" time="0.009" tests="5" errors="0" skipped="0" failures="0">
  <properties>
[...]
</properties>
  <testcase name="lazyTrim1" classname="testLearning.StringUtilsTesterTest" time="0.0"/>
  <testcase name="lazyTrim2" classname="testLearning.StringUtilsTesterTest" time="0.0"/>
  <testcase name="lazyTrim3" classname="testLearning.StringUtilsTesterTest" time="0.0"/>
  <testcase name="lazyTrim4" classname="testLearning.StringUtilsTesterTest" time="0.0"/>
  <testcase name="lazyTrim5" classname="testLearning.StringUtilsTesterTest" time="0.001"/>
</testsuite>